<?xml version="1.0" encoding="UTF-8"?>
<testng-results ignored="0" total="1" passed="1" failed="0" skipped="0">
  <reporter-output>
  </reporter-output>
  <suite started-at="2023-02-28T21:15:45 IST" name="Default suite" finished-at="2023-02-28T21:15:50 IST" duration-ms="4724">
    <groups>
    </groups>
    <test started-at="2023-02-28T21:15:45 IST" name="Default test" finished-at="2023-02-28T21:15:50 IST" duration-ms="4724">
      <class name="pack.TC_1">
        <test-method signature="f()[pri:0, instance:pack.TC_1@53ce1329]" started-at="2023-02-28T21:15:45 IST" name="f" finished-at="2023-02-28T21:15:50 IST" duration-ms="4662" status="PASS">
          <reporter-output>
          </reporter-output>
        </test-method> <!-- f -->
      </class> <!-- pack.TC_1 -->
    </test> <!-- Default test -->
  </suite> <!-- Default suite -->
</testng-results>
